c SCLEncoder 1.0.
c Real time limit is set to 1800.
c Memory limit is set to 30000.
c Iterative strategy: from LB to UB.
c LB-w = 46 (LB in Sinnl - A note on computational approaches for the antibandwidth problem).
c UB-w = 71 (UB in Sinnl - A note on computational approaches for the antibandwidth problem).
c [w = 46] Start task in PID: 24176.
c [w = 46] Antibandwidth problem with w = 46 (R-dwt__503.mtx.rnd):
c [w = 46] Initializing CaDiCaL (version 2.2.1).
c [w = 46] Configuring CaDiCaL as --sat (1).
c [w = 46] Initializing a Sequential encoder with n = 503.
c [w = 46] Encoding starts with w = 46:
c	Encode symmetry breaking with option: f.
c [Lim] End with result: 65280
c All children have completed their tasks or were terminated.
r
r Final results: 
r Max width SAT:  	-
r Min width UNSAT:	-
r Total real time: 46557 ms
r Total memory consumed 30053.9 MB
r
r
c Signal interruption.
