c SCLEncoder 1.0.
c Real time limit is set to 1800.
c Memory limit is set to 30000.
c Iterative strategy: from LB to UB.
c LB-w = 39 (LB in Sinnl - A note on computational approaches for the antibandwidth problem).
c UB-w = 39 (UB in Sinnl - A note on computational approaches for the antibandwidth problem).
c [w = 39] Start task in PID: 42396.
c [w = 39] Antibandwidth problem with w = 39 (L-bcspwr03.mtx.rnd):
c [w = 39] Initializing CaDiCaL (version 2.2.1).
c [w = 39] Configuring CaDiCaL as --sat (1).
c [w = 39] Initializing a Naive-Reduced encoder with n = 118.
c [w = 39] Encoding starts with w = 39:
c	Encode symmetry breaking with option: h.
c [w = 39] Encoding duration: 0s
c [w = 39] Number of clauses: 2969397
c [w = 39] Number of irredundant clauses: 2923556
c [w = 39] Number of variables: 13924
c [w = 39] SAT Solving starts:
c [w = 39] Solving duration: 7908 ms
c [w = 39] Answer: 
s [w = 39] SAT (w = 39)
c [w = 39] Solution check w = 39.
c [w = 39] Result: 10
c Max width SAT is set to 39
c All ABP tasks are done. Terminating limit monitor process 42395.
c All children have completed their tasks or were terminated.
c Signal interruption.
r
r Final results: 
r Max width SAT:  	39
r Min width UNSAT:	-
r Total real time: 8477 ms
r Total memory consumed 571.8 MB
r
r
