c SCLEncoder 1.0.
c Real time limit is set to 1800.
c Memory limit is set to 30000.
c Iterative strategy: from LB to UB.
c LB-w = 112 (LB in Sinnl - A note on computational approaches for the antibandwidth problem).
c UB-w = 142 (UB in Sinnl - A note on computational approaches for the antibandwidth problem).
c [w = 112] Start task in PID: 79108.
c [w = 112] Antibandwidth problem with w = 112 (X-can__715.mtx.rnd):
c [w = 112] Initializing CaDiCaL (version 2.2.1).
c [w = 112] Configuring CaDiCaL as --sat (1).
c [w = 112] Initializing a SCL encoder with n = 715.
c [w = 112] Encoding starts with w = 112:
c [w = 112] Encoding duration: 4s
c [w = 112] Number of clauses: 11924907
c [w = 112] Number of irredundant clauses: 11914143
c [w = 112] Number of variables: 1485055
c [w = 112] SAT Solving starts:
c [Lim] End with result: 65024
c All children have completed their tasks or were terminated.
c Signal interruption.
r
r Final results: 
r Max width SAT:  	-
r Min width UNSAT:	-
r Total real time: 1805396 ms
r Total memory consumed 3172.6 MB
r
r
