c SCLEncoder 1.0.
c Error, could not open file '../../Benchmarks/E-bcsdw02.mtx.rnd'. 
c Real time limit is set to 1800.
c Memory limit is set to 30000.
c Iterative strategy: from LB to UB.
c No predefined lower bound is found for ../../Benchmarks/E-bcsdw02.mtx.rnd.
c LB-w = 1 (default value).
c No predefined upper bound is found for ../../Benchmarks/E-bcsdw02.mtx.rnd.
c UB-w = 1 (default value calculated as n/2+1).
c [w = 1] Start task in PID: 136866.
c [w = 1] Antibandwidth problem with w = 1 (../../Benchmarks/E-bcsdw02.mtx.rnd):
c [w = 1] The input graph is too small, there is nothing to encode here.
c [w = 1] Result: 0
c All ABP tasks are done. Terminating limit monitor process 136865.
c All children have completed their tasks or were terminated.
c Signal interruption.
r
r Final results: 
r Max width SAT:  	-
r Min width UNSAT:	-
r Total real time: 0 ms
r Total memory consumed 0 MB
r
r
