c SCLEncoder 1.0.
c Real time limit is set to 1800.
c Memory limit is set to 30000.
c Iterative strategy: from LB to UB.
c LB-w = 219 (LB in Sinnl - A note on computational approaches for the antibandwidth problem).
c UB-w = 220 (UB in Sinnl - A note on computational approaches for the antibandwidth problem).
c [w = 219] Start task in PID: 24215.
c [w = 219] Antibandwidth problem with w = 219 (U-662_bus.mtx.rnd):
c [w = 219] Initializing CaDiCaL (version 2.2.1).
c [w = 219] Configuring CaDiCaL as --sat (1).
c [w = 219] Initializing a Sequential encoder with n = 662.
c [w = 219] Encoding starts with w = 219:
c	Encode symmetry breaking with option: f.
c [Lim] End with result: 65280
c All children have completed their tasks or were terminated.
c Signal interruption.
r
r Final results: 
r Max width SAT:  	-
r Min width UNSAT:	-
r Total real time: 43644 ms
r Total memory consumed 30006.1 MB
r
r
