c SCLEncoder 1.0.
c Real time limit is set to 1800.
c Memory limit is set to 30000.
c Iterative strategy: from LB to UB.
c LB-w = 256 (LB in Sinnl - A note on computational approaches for the antibandwidth problem).
c UB-w = 272 (UB in Sinnl - A note on computational approaches for the antibandwidth problem).
c [w = 256] Start task in PID: 68751.
c [w = 256] Antibandwidth problem with w = 256 (S-sherman4.mtx.rnd):
c [w = 257] Start task in PID: 68752.
c [w = 257] Antibandwidth problem with w = 257 (S-sherman4.mtx.rnd):
c [w = 256] Initializing CaDiCaL (version 2.2.1).
c [w = 256] Configuring CaDiCaL as --sat (1).
c [w = 256] Initializing a SCL encoder with n = 546.
c [w = 256] Encoding starts with w = 256:
c [w = 257] Initializing CaDiCaL (version 2.2.1).
c [w = 258] Start task in PID: 68753.
c [w = 258] Antibandwidth problem with w = 258 (S-sherman4.mtx.rnd):
c [w = 257] Configuring CaDiCaL as --sat (1).
c [w = 257] Initializing a SCL encoder with n = 546.
c [w = 257] Encoding starts with w = 257:
c [w = 258] Initializing CaDiCaL (version 2.2.1).
c [w = 258] Configuring CaDiCaL as --sat (1).
c [w = 258] Initializing a SCL encoder with n = 546.
c [w = 258] Encoding starts with w = 258:
c [w = 259] Start task in PID: 68754.
c [w = 259] Antibandwidth problem with w = 259 (S-sherman4.mtx.rnd):
c [w = 259] Initializing CaDiCaL (version 2.2.1).
c [w = 259] Configuring CaDiCaL as --sat (1).
c [w = 259] Initializing a SCL encoder with n = 546.
c [w = 259] Encoding starts with w = 259:
c [w = 258] Encoding duration: 1s
c [w = 258] Number of clauses: 3976491
c [w = 258] Number of irredundant clauses: 3974298
c [w = 258] Number of variables: 783510
c [w = 258] SAT Solving starts:
c [w = 257] Encoding duration: 1s
c [w = 257] Number of clauses: 3980763
c [w = 257] Number of irredundant clauses: 3978534
c [w = 257] Number of variables: 782964
c [w = 257] SAT Solving starts:
c [w = 259] Encoding duration: 1s
c [w = 259] Number of clauses: 3972219
c [w = 259] Number of irredundant clauses: 3970062
c [w = 259] Number of variables: 784056
c [w = 259] SAT Solving starts:
c [w = 256] Encoding duration: 1s
c [w = 256] Number of clauses: 3985035
c [w = 256] Number of irredundant clauses: 3982770
c [w = 256] Number of variables: 782418
c [w = 256] SAT Solving starts:
c Signal interruption.
c [Lim] End with result: 65024
c All children have completed their tasks or were terminated.
c Signal interruption.
c Signal interruption.
c Signal interruption.
r
r Final results: 
r Max width SAT:  	-
r Min width UNSAT:	-
r Total real time: 1809396 ms
r Total memory consumed 4674.3 MB
r
r
