c SCLEncoder 1.0.
c Real time limit is set to 1800.
c Memory limit is set to 30000.
c Iterative strategy: from LB to UB.
c LB-w = 12 (LB in Sinnl - A note on computational approaches for the antibandwidth problem).
c UB-w = 14 (UB in Sinnl - A note on computational approaches for the antibandwidth problem).
c [w = 12] Start task in PID: 9806.
c [w = 12] Antibandwidth problem with w = 12 (G-will57.mtx.rnd):
c [w = 12] Initializing CaDiCaL (version 2.2.1).
c [w = 12] Configuring CaDiCaL as --sat (1).
c [w = 12] Initializing a Duplex encoder with n = 57.
c [w = 12] Encoding starts with w = 12:
c [w = 12] Encoding duration: 0s
c [w = 12] Number of clauses: 63324
c [w = 12] Number of irredundant clauses: 57847
c [w = 12] Number of variables: 14535
c [w = 12] SAT Solving starts:
c [w = 12] Solving duration: 197 ms
c [w = 12] Answer: 
s [w = 12] SAT (w = 12)
c [w = 12] Solution check w = 12.
c [w = 12] Result: 10
c Max width SAT is set to 12
c [w = 13] Start task in PID: 9807.
c [w = 13] Antibandwidth problem with w = 13 (G-will57.mtx.rnd):
c [w = 13] Initializing CaDiCaL (version 2.2.1).
c [w = 13] Configuring CaDiCaL as --sat (1).
c [w = 13] Initializing a Duplex encoder with n = 57.
c [w = 13] Encoding starts with w = 13:
c [w = 13] Encoding duration: 0s
c [w = 13] Number of clauses: 63500
c [w = 13] Number of irredundant clauses: 58138
c [w = 13] Number of variables: 14877
c [w = 13] SAT Solving starts:
c [w = 13] Solving duration: 138 ms
c [w = 13] Answer: 
s [w = 13] SAT (w = 13)
c [w = 13] Solution check w = 13.
c [w = 13] Result: 10
c Max width SAT is set to 13
c [w = 14] Start task in PID: 9808.
c [w = 14] Antibandwidth problem with w = 14 (G-will57.mtx.rnd):
c [w = 14] Initializing CaDiCaL (version 2.2.1).
c [w = 14] Configuring CaDiCaL as --sat (1).
c [w = 14] Initializing a Duplex encoder with n = 57.
c [w = 14] Encoding starts with w = 14:
c [w = 14] Encoding duration: 0s
c [w = 14] Number of clauses: 63619
c [w = 14] Number of irredundant clauses: 58486
c [w = 14] Number of variables: 15219
c [w = 14] SAT Solving starts:
c [w = 14] Solving duration: 99 ms
c [w = 14] Answer: 
s [w = 14] UNSAT (w = 14)
c [w = 14] Result: 20
c Min width UNSAT is set to 14
c All ABP tasks are done. Terminating limit monitor process 9805.
c All children have completed their tasks or were terminated.
c Signal interruption.
r
r Final results: 
r Max width SAT:  	13
r Min width UNSAT:	14
r Total real time: 528 ms
r Total memory consumed 27 MB
r
r
