c SCLEncoder 1.0.
c Real time limit is set to 1800.
c Memory limit is set to 30000.
c Iterative strategy: from LB to UB.
c LB-w = 103 (LB in Sinnl - A note on computational approaches for the antibandwidth problem).
c UB-w = 150 (UB in Sinnl - A note on computational approaches for the antibandwidth problem).
c [w = 103] Start task in PID: 17614.
c [w = 103] Antibandwidth problem with w = 103 (T-dwt__592.mtx.rnd):
c [w = 103] Initializing CaDiCaL (version 2.2.1).
c [w = 103] Configuring CaDiCaL as --sat (1).
c [w = 103] Initializing a Duplex encoder with n = 592.
c [w = 103] Encoding starts with w = 103:
c [w = 103] Encoding duration: 3s
c [w = 103] Number of clauses: 8993864
c [w = 103] Number of irredundant clauses: 8404691
c [w = 103] Number of variables: 1583008
c [w = 103] SAT Solving starts:
c [w = 103] Solving duration: 932910 ms
c [w = 103] Answer: 
s [w = 103] SAT (w = 103)
c [w = 103] Solution check w = 103.
c [w = 103] Result: 10
c Max width SAT is set to 103
c [w = 104] Start task in PID: 17820.
c [w = 104] Antibandwidth problem with w = 104 (T-dwt__592.mtx.rnd):
c [w = 104] Initializing CaDiCaL (version 2.2.1).
c [w = 104] Configuring CaDiCaL as --sat (1).
c [w = 104] Initializing a Duplex encoder with n = 592.
c [w = 104] Encoding starts with w = 104:
c [w = 104] Encoding duration: 3s
c [w = 104] Number of clauses: 8994904
c [w = 104] Number of irredundant clauses: 8406968
c [w = 104] Number of variables: 1587744
c [w = 104] SAT Solving starts:
c [w = 104] Solving duration: 625163 ms
c [w = 104] Answer: 
s [w = 104] SAT (w = 104)
c [w = 104] Solution check w = 104.
c [w = 104] Result: 10
c Max width SAT is set to 104
c [w = 105] Start task in PID: 17961.
c [w = 105] Antibandwidth problem with w = 105 (T-dwt__592.mtx.rnd):
c [w = 105] Initializing CaDiCaL (version 2.2.1).
c [w = 105] Configuring CaDiCaL as --sat (1).
c [w = 105] Initializing a Duplex encoder with n = 592.
c [w = 105] Encoding starts with w = 105:
c [w = 105] Encoding duration: 3s
c [w = 105] Number of clauses: 8995944
c [w = 105] Number of irredundant clauses: 8409245
c [w = 105] Number of variables: 1592480
c [w = 105] SAT Solving starts:
c [Lim] End with result: 65024
c All children have completed their tasks or were terminated.
c Signal interruption.
r
r Final results: 
r Max width SAT:  	104
r Min width UNSAT:	-
r Total real time: 1806138 ms
r Total memory consumed 2453.2 MB
r
r
