c SCLEncoder 1.0.
c Real time limit is set to 1800.
c Memory limit is set to 30000.
c Iterative strategy: from LB to UB.
c LB-w = 12 (LB in Sinnl - A note on computational approaches for the antibandwidth problem).
c UB-w = 13 (UB in Sinnl - A note on computational approaches for the antibandwidth problem).
c [w = 12] Start task in PID: 19461.
c [w = 12] Antibandwidth problem with w = 12 (F-curtis54.mtx.rnd):
c [w = 12] Initializing CaDiCaL (version 2.2.1).
c [w = 12] Configuring CaDiCaL as --sat (1).
c [w = 12] Initializing a 2-Product encoder with n = 54.
c [w = 12] Encoding starts with w = 12:
c	Encode symmetry breaking with option: f.
c [w = 12] Encoding duration: 0s
c [w = 12] Number of clauses: 509903
c [w = 12] Number of irredundant clauses: 505124
c [w = 12] Number of variables: 156856
c [w = 12] SAT Solving starts:
c [w = 12] Solving duration: 2094 ms
c [w = 12] Answer: 
s [w = 12] SAT (w = 12)
c [w = 12] Solution check w = 12.
c [w = 12] Result: 10
c Max width SAT is set to 12
c [w = 13] Start task in PID: 19463.
c [w = 13] Antibandwidth problem with w = 13 (F-curtis54.mtx.rnd):
c [w = 13] Initializing CaDiCaL (version 2.2.1).
c [w = 13] Configuring CaDiCaL as --sat (1).
c [w = 13] Initializing a 2-Product encoder with n = 54.
c [w = 13] Encoding starts with w = 13:
c	Encode symmetry breaking with option: f.
c [w = 13] Encoding duration: 0s
c [w = 13] Number of clauses: 529743
c [w = 13] Number of irredundant clauses: 524694
c [w = 13] Number of variables: 158592
c [w = 13] SAT Solving starts:
c [w = 13] Solving duration: 17538 ms
c [w = 13] Answer: 
s [w = 13] SAT (w = 13)
c [w = 13] Solution check w = 13.
c [w = 13] Result: 10
c Max width SAT is set to 13
c All ABP tasks are done. Terminating limit monitor process 19460.
c All children have completed their tasks or were terminated.
c Signal interruption.
r
r Final results: 
r Max width SAT:  	13
r Min width UNSAT:	-
r Total real time: 19967 ms
r Total memory consumed 154.3 MB
r
r
