c SCLEncoder 1.0.
c Real time limit is set to 1800.
c Memory limit is set to 30000.
c Iterative strategy: from LB to UB.
c LB-w = 19 (LB in Sinnl - A note on computational approaches for the antibandwidth problem).
c UB-w = 27 (UB in Sinnl - A note on computational approaches for the antibandwidth problem).
c [w = 19] Start task in PID: 19518.
c [w = 19] Antibandwidth problem with w = 19 (I-ash85.mtx.rnd):
c [w = 19] Initializing CaDiCaL (version 2.2.1).
c [w = 19] Configuring CaDiCaL as --sat (1).
c [w = 19] Initializing a 2-Product encoder with n = 85.
c [w = 19] Encoding starts with w = 19:
c	Encode symmetry breaking with option: f.
c [w = 19] Encoding duration: 0s
c [w = 19] Number of clauses: 2008894
c [w = 19] Number of irredundant clauses: 2002414
c [w = 19] Number of variables: 543613
c [w = 19] SAT Solving starts:
c [w = 19] Solving duration: 7731 ms
c [w = 19] Answer: 
s [w = 19] SAT (w = 19)
c [w = 19] Solution check w = 19.
c [w = 19] Result: 10
c Max width SAT is set to 19
c [w = 20] Start task in PID: 19520.
c [w = 20] Antibandwidth problem with w = 20 (I-ash85.mtx.rnd):
c [w = 20] Initializing CaDiCaL (version 2.2.1).
c [w = 20] Configuring CaDiCaL as --sat (1).
c [w = 20] Initializing a 2-Product encoder with n = 85.
c [w = 20] Encoding starts with w = 20:
c	Encode symmetry breaking with option: f.
c [w = 20] Encoding duration: 0s
c [w = 20] Number of clauses: 2037364
c [w = 20] Number of irredundant clauses: 2030654
c [w = 20] Number of variables: 535729
c [w = 20] SAT Solving starts:
c [w = 20] Solving duration: 29852 ms
c [w = 20] Answer: 
s [w = 20] SAT (w = 20)
c [w = 20] Solution check w = 20.
c [w = 20] Result: 10
c Max width SAT is set to 20
c [w = 21] Start task in PID: 19524.
c [w = 21] Antibandwidth problem with w = 21 (I-ash85.mtx.rnd):
c [w = 21] Initializing CaDiCaL (version 2.2.1).
c [w = 21] Configuring CaDiCaL as --sat (1).
c [w = 21] Initializing a 2-Product encoder with n = 85.
c [w = 21] Encoding starts with w = 21:
c	Encode symmetry breaking with option: f.
c [w = 21] Encoding duration: 0s
c [w = 21] Number of clauses: 2064082
c [w = 21] Number of irredundant clauses: 2057152
c [w = 21] Number of variables: 527845
c [w = 21] SAT Solving starts:
c [w = 21] Solving duration: 451633 ms
c [w = 21] Answer: 
s [w = 21] SAT (w = 21)
c [w = 21] Solution check w = 21.
c [w = 21] Result: 10
c Max width SAT is set to 21
c [w = 22] Start task in PID: 19626.
c [w = 22] Antibandwidth problem with w = 22 (I-ash85.mtx.rnd):
c [w = 22] Initializing CaDiCaL (version 2.2.1).
c [w = 22] Configuring CaDiCaL as --sat (1).
c [w = 22] Initializing a 2-Product encoder with n = 85.
c [w = 22] Encoding starts with w = 22:
c	Encode symmetry breaking with option: f.
c [w = 22] Encoding duration: 0s
c [w = 22] Number of clauses: 2229208
c [w = 22] Number of irredundant clauses: 2222068
c [w = 22] Number of variables: 604057
c [w = 22] SAT Solving starts:
c [Lim] End with result: 65024
c All children have completed their tasks or were terminated.
c Signal interruption.
r
r Final results: 
r Max width SAT:  	21
r Min width UNSAT:	-
r Total real time: 1806093 ms
r Total memory consumed 640.6 MB
r
r
