c SCLEncoder 1.0.
c Real time limit is set to 1800.
c Memory limit is set to 30000.
c Iterative strategy: from LB to UB.
c LB-w = 46 (LB in Sinnl - A note on computational approaches for the antibandwidth problem).
c UB-w = 58 (UB in Sinnl - A note on computational approaches for the antibandwidth problem).
c [w = 46] Start task in PID: 20269.
c [w = 46] Antibandwidth problem with w = 46 (K-dwt__234.mtx.rnd):
c [w = 46] Initializing CaDiCaL (version 2.2.1).
c [w = 46] Configuring CaDiCaL as --sat (1).
c [w = 46] Initializing a 2-Product encoder with n = 117.
c [w = 46] Encoding starts with w = 46:
c	Encode symmetry breaking with option: f.
c [w = 46] Encoding duration: 0s
c [w = 46] Number of clauses: 3201592
c [w = 46] Number of irredundant clauses: 3175174
c [w = 46] Number of variables: 609057
c [w = 46] SAT Solving starts:
c [w = 46] Solving duration: 351531 ms
c [w = 46] Answer: 
s [w = 46] SAT (w = 46)
c [w = 46] Solution check w = 46.
c [w = 46] Result: 10
c Max width SAT is set to 46
c [w = 47] Start task in PID: 20340.
c [w = 47] Antibandwidth problem with w = 47 (K-dwt__234.mtx.rnd):
c [w = 47] Initializing CaDiCaL (version 2.2.1).
c [w = 47] Configuring CaDiCaL as --sat (1).
c [w = 47] Initializing a 2-Product encoder with n = 117.
c [w = 47] Encoding starts with w = 47:
c	Encode symmetry breaking with option: f.
c [w = 47] Encoding duration: 0s
c [w = 47] Number of clauses: 3204184
c [w = 47] Number of irredundant clauses: 3177574
c [w = 47] Number of variables: 600957
c [w = 47] SAT Solving starts:
c [w = 47] Solving duration: 643709 ms
c [w = 47] Answer: 
s [w = 47] SAT (w = 47)
c [w = 47] Solution check w = 47.
c [w = 47] Result: 10
c Max width SAT is set to 47
c [w = 48] Start task in PID: 20463.
c [w = 48] Antibandwidth problem with w = 48 (K-dwt__234.mtx.rnd):
c [w = 48] Initializing CaDiCaL (version 2.2.1).
c [w = 48] Configuring CaDiCaL as --sat (1).
c [w = 48] Initializing a 2-Product encoder with n = 117.
c [w = 48] Encoding starts with w = 48:
c	Encode symmetry breaking with option: f.
c [w = 48] Encoding duration: 0s
c [w = 48] Number of clauses: 3205480
c [w = 48] Number of irredundant clauses: 3178694
c [w = 48] Number of variables: 592857
c [w = 48] SAT Solving starts:
c [Lim] End with result: 65024
c All children have completed their tasks or were terminated.
c Signal interruption.
r
r Final results: 
r Max width SAT:  	47
r Min width UNSAT:	-
r Total real time: 1806125 ms
r Total memory consumed 873 MB
r
r
