c SCLEncoder 1.0.
c Real time limit is set to 1800.
c Memory limit is set to 30000.
c Iterative strategy: from LB to UB.
c LB-w = 91 (LB in Sinnl - A note on computational approaches for the antibandwidth problem).
c UB-w = 173 (UB in Sinnl - A note on computational approaches for the antibandwidth problem).
c [w = 91] Start task in PID: 20652.
c [w = 91] Antibandwidth problem with w = 91 (O-impcol_d.mtx.rnd):
c [w = 91] Initializing CaDiCaL (version 2.2.1).
c [w = 91] Configuring CaDiCaL as --sat (1).
c [w = 91] Initializing a 2-Product encoder with n = 425.
c [w = 91] Encoding starts with w = 91:
c	Encode symmetry breaking with option: f.
c [w = 91] Encoding duration: 42s
c [w = 91] Number of clauses: 198661132
c [w = 91] Number of irredundant clauses: 198447314
c [w = 91] Number of variables: 25306180
c [w = 91] SAT Solving starts:
c [Lim] End with result: 65280
c All children have completed their tasks or were terminated.
r
r Final results: 
r Max width SAT:  	-
r Min width UNSAT:	-
r Total real time: 46953 ms
r Total memory consumed 30056.9 MB
r
r
c Signal interruption.
