c SCLEncoder 1.0.
c Real time limit is set to 1800.
c Memory limit is set to 30000.
c Iterative strategy: from LB to UB.
c LB-w = 9 (LB in Sinnl - A note on computational approaches for the antibandwidth problem).
c UB-w = 9 (UB in Sinnl - A note on computational approaches for the antibandwidth problem).
c [w = 9] Start task in PID: 9721.
c [w = 9] Antibandwidth problem with w = 9 (B-ibm32.mtx.rnd):
c [w = 9] Initializing CaDiCaL (version 2.2.1).
c [w = 9] Configuring CaDiCaL as --sat (1).
c [w = 9] Initializing a Duplex encoder with n = 32.
c [w = 9] Encoding starts with w = 9:
c [w = 9] Encoding duration: 0s
c [w = 9] Number of clauses: 20352
c [w = 9] Number of irredundant clauses: 18564
c [w = 9] Number of variables: 4480
c [w = 9] SAT Solving starts:
c [w = 9] Solving duration: 1354 ms
c [w = 9] Answer: 
s [w = 9] SAT (w = 9)
c [w = 9] Solution check w = 9.
c [w = 9] Result: 10
c Max width SAT is set to 9
c All ABP tasks are done. Terminating limit monitor process 9720.
c All children have completed their tasks or were terminated.
c Signal interruption.
r
r Final results: 
r Max width SAT:  	9
r Min width UNSAT:	-
r Total real time: 1367 ms
r Total memory consumed 14.8 MB
r
r
