c SCLEncoder 1.0.
c Real time limit is set to 1800.
c Memory limit is set to 30000.
c Iterative strategy: from LB to UB.
c LB-w = 91 (LB in Sinnl - A note on computational approaches for the antibandwidth problem).
c UB-w = 173 (UB in Sinnl - A note on computational approaches for the antibandwidth problem).
c [w = 91] Start task in PID: 15662.
c [w = 91] Antibandwidth problem with w = 91 (O-impcol_d.mtx.rnd):
c [w = 91] Initializing CaDiCaL (version 2.2.1).
c [w = 91] Configuring CaDiCaL as --sat (1).
c [w = 91] Initializing a Duplex encoder with n = 425.
c [w = 91] Encoding starts with w = 91:
c [w = 91] Encoding duration: 1s
c [w = 91] Number of clauses: 3992230
c [w = 91] Number of irredundant clauses: 3702394
c [w = 91] Number of variables: 801125
c [w = 91] SAT Solving starts:
c [w = 91] Solving duration: 38431 ms
c [w = 91] Answer: 
s [w = 91] SAT (w = 91)
c [w = 91] Solution check w = 91.
c [w = 91] Result: 10
c Max width SAT is set to 91
c [w = 92] Start task in PID: 15678.
c [w = 92] Antibandwidth problem with w = 92 (O-impcol_d.mtx.rnd):
c [w = 92] Initializing CaDiCaL (version 2.2.1).
c [w = 92] Configuring CaDiCaL as --sat (1).
c [w = 92] Initializing a Duplex encoder with n = 425.
c [w = 92] Encoding starts with w = 92:
c [w = 92] Encoding duration: 1s
c [w = 92] Number of clauses: 3992262
c [w = 92] Number of irredundant clauses: 3703325
c [w = 92] Number of variables: 803675
c [w = 92] SAT Solving starts:
c [w = 92] Solving duration: 78114 ms
c [w = 92] Answer: 
s [w = 92] SAT (w = 92)
c [w = 92] Solution check w = 92.
c [w = 92] Result: 10
c Max width SAT is set to 92
c [w = 93] Start task in PID: 15711.
c [w = 93] Antibandwidth problem with w = 93 (O-impcol_d.mtx.rnd):
c [w = 93] Initializing CaDiCaL (version 2.2.1).
c [w = 93] Configuring CaDiCaL as --sat (1).
c [w = 93] Initializing a Duplex encoder with n = 425.
c [w = 93] Encoding starts with w = 93:
c [w = 93] Encoding duration: 1s
c [w = 93] Number of clauses: 3992294
c [w = 93] Number of irredundant clauses: 3704256
c [w = 93] Number of variables: 806225
c [w = 93] SAT Solving starts:
c [w = 93] Solving duration: 168939 ms
c [w = 93] Answer: 
s [w = 93] SAT (w = 93)
c [w = 93] Solution check w = 93.
c [w = 93] Result: 10
c Max width SAT is set to 93
c [w = 94] Start task in PID: 15784.
c [w = 94] Antibandwidth problem with w = 94 (O-impcol_d.mtx.rnd):
c [w = 94] Initializing CaDiCaL (version 2.2.1).
c [w = 94] Configuring CaDiCaL as --sat (1).
c [w = 94] Initializing a Duplex encoder with n = 425.
c [w = 94] Encoding starts with w = 94:
c [w = 94] Encoding duration: 1s
c [w = 94] Number of clauses: 3992326
c [w = 94] Number of irredundant clauses: 3705187
c [w = 94] Number of variables: 808775
c [w = 94] SAT Solving starts:
c [w = 94] Solving duration: 242062 ms
c [w = 94] Answer: 
s [w = 94] SAT (w = 94)
c [w = 94] Solution check w = 94.
c [w = 94] Result: 10
c Max width SAT is set to 94
c [w = 95] Start task in PID: 15880.
c [w = 95] Antibandwidth problem with w = 95 (O-impcol_d.mtx.rnd):
c [w = 95] Initializing CaDiCaL (version 2.2.1).
c [w = 95] Configuring CaDiCaL as --sat (1).
c [w = 95] Initializing a Duplex encoder with n = 425.
c [w = 95] Encoding starts with w = 95:
c [w = 95] Encoding duration: 1s
c [w = 95] Number of clauses: 3992358
c [w = 95] Number of irredundant clauses: 3706118
c [w = 95] Number of variables: 811325
c [w = 95] SAT Solving starts:
c [w = 95] Solving duration: 162109 ms
c [w = 95] Answer: 
s [w = 95] SAT (w = 95)
c [w = 95] Solution check w = 95.
c [w = 95] Result: 10
c Max width SAT is set to 95
c [w = 96] Start task in PID: 15939.
c [w = 96] Antibandwidth problem with w = 96 (O-impcol_d.mtx.rnd):
c [w = 96] Initializing CaDiCaL (version 2.2.1).
c [w = 96] Configuring CaDiCaL as --sat (1).
c [w = 96] Initializing a Duplex encoder with n = 425.
c [w = 96] Encoding starts with w = 96:
c [w = 96] Encoding duration: 1s
c [w = 96] Number of clauses: 3992390
c [w = 96] Number of irredundant clauses: 3707049
c [w = 96] Number of variables: 813875
c [w = 96] SAT Solving starts:
c [w = 96] Solving duration: 136361 ms
c [w = 96] Answer: 
s [w = 96] SAT (w = 96)
c [w = 96] Solution check w = 96.
c [w = 96] Result: 10
c Max width SAT is set to 96
c [w = 97] Start task in PID: 15985.
c [w = 97] Antibandwidth problem with w = 97 (O-impcol_d.mtx.rnd):
c [w = 97] Initializing CaDiCaL (version 2.2.1).
c [w = 97] Configuring CaDiCaL as --sat (1).
c [w = 97] Initializing a Duplex encoder with n = 425.
c [w = 97] Encoding starts with w = 97:
c [w = 97] Encoding duration: 1s
c [w = 97] Number of clauses: 3992422
c [w = 97] Number of irredundant clauses: 3707980
c [w = 97] Number of variables: 816425
c [w = 97] SAT Solving starts:
c [w = 97] Solving duration: 76966 ms
c [w = 97] Answer: 
s [w = 97] SAT (w = 97)
c [w = 97] Solution check w = 97.
c [w = 97] Result: 10
c Max width SAT is set to 97
c [w = 98] Start task in PID: 16011.
c [w = 98] Antibandwidth problem with w = 98 (O-impcol_d.mtx.rnd):
c [w = 98] Initializing CaDiCaL (version 2.2.1).
c [w = 98] Configuring CaDiCaL as --sat (1).
c [w = 98] Initializing a Duplex encoder with n = 425.
c [w = 98] Encoding starts with w = 98:
c [w = 98] Encoding duration: 1s
c [w = 98] Number of clauses: 3992454
c [w = 98] Number of irredundant clauses: 3708911
c [w = 98] Number of variables: 818975
c [w = 98] SAT Solving starts:
c [w = 98] Solving duration: 94473 ms
c [w = 98] Answer: 
s [w = 98] SAT (w = 98)
c [w = 98] Solution check w = 98.
c [w = 98] Result: 10
c Max width SAT is set to 98
c [w = 99] Start task in PID: 16039.
c [w = 99] Antibandwidth problem with w = 99 (O-impcol_d.mtx.rnd):
c [w = 99] Initializing CaDiCaL (version 2.2.1).
c [w = 99] Configuring CaDiCaL as --sat (1).
c [w = 99] Initializing a Duplex encoder with n = 425.
c [w = 99] Encoding starts with w = 99:
c [w = 99] Encoding duration: 1s
c [w = 99] Number of clauses: 3992486
c [w = 99] Number of irredundant clauses: 3709842
c [w = 99] Number of variables: 821525
c [w = 99] SAT Solving starts:
c [w = 99] Solving duration: 164417 ms
c [w = 99] Answer: 
s [w = 99] SAT (w = 99)
c [w = 99] Solution check w = 99.
c [w = 99] Result: 10
c Max width SAT is set to 99
c [w = 100] Start task in PID: 16091.
c [w = 100] Antibandwidth problem with w = 100 (O-impcol_d.mtx.rnd):
c [w = 100] Initializing CaDiCaL (version 2.2.1).
c [w = 100] Configuring CaDiCaL as --sat (1).
c [w = 100] Initializing a Duplex encoder with n = 425.
c [w = 100] Encoding starts with w = 100:
c [w = 100] Encoding duration: 1s
c [w = 100] Number of clauses: 3992518
c [w = 100] Number of irredundant clauses: 3710773
c [w = 100] Number of variables: 824075
c [w = 100] SAT Solving starts:
c [w = 100] Solving duration: 143524 ms
c [w = 100] Answer: 
s [w = 100] SAT (w = 100)
c [w = 100] Solution check w = 100.
c [w = 100] Result: 10
c Max width SAT is set to 100
c [w = 101] Start task in PID: 16142.
c [w = 101] Antibandwidth problem with w = 101 (O-impcol_d.mtx.rnd):
c [w = 101] Initializing CaDiCaL (version 2.2.1).
c [w = 101] Configuring CaDiCaL as --sat (1).
c [w = 101] Initializing a Duplex encoder with n = 425.
c [w = 101] Encoding starts with w = 101:
c [w = 101] Encoding duration: 1s
c [w = 101] Number of clauses: 3992550
c [w = 101] Number of irredundant clauses: 3711704
c [w = 101] Number of variables: 826625
c [w = 101] SAT Solving starts:
c [w = 101] Solving duration: 146042 ms
c [w = 101] Answer: 
s [w = 101] SAT (w = 101)
c [w = 101] Solution check w = 101.
c [w = 101] Result: 10
c Max width SAT is set to 101
c [w = 102] Start task in PID: 16177.
c [w = 102] Antibandwidth problem with w = 102 (O-impcol_d.mtx.rnd):
c [w = 102] Initializing CaDiCaL (version 2.2.1).
c [w = 102] Configuring CaDiCaL as --sat (1).
c [w = 102] Initializing a Duplex encoder with n = 425.
c [w = 102] Encoding starts with w = 102:
c [w = 102] Encoding duration: 1s
c [w = 102] Number of clauses: 3992582
c [w = 102] Number of irredundant clauses: 3712635
c [w = 102] Number of variables: 829175
c [w = 102] SAT Solving starts:
c [w = 102] Solving duration: 217409 ms
c [w = 102] Answer: 
s [w = 102] SAT (w = 102)
c [w = 102] Solution check w = 102.
c [w = 102] Result: 10
c Max width SAT is set to 102
c [w = 103] Start task in PID: 16219.
c [w = 103] Antibandwidth problem with w = 103 (O-impcol_d.mtx.rnd):
c [w = 103] Initializing CaDiCaL (version 2.2.1).
c [w = 103] Configuring CaDiCaL as --sat (1).
c [w = 103] Initializing a Duplex encoder with n = 425.
c [w = 103] Encoding starts with w = 103:
c [w = 103] Encoding duration: 1s
c [w = 103] Number of clauses: 3992614
c [w = 103] Number of irredundant clauses: 3713566
c [w = 103] Number of variables: 831725
c [w = 103] SAT Solving starts:
c [Lim] End with result: 65024
c All children have completed their tasks or were terminated.
c Signal interruption.
r
r Final results: 
r Max width SAT:  	102
r Min width UNSAT:	-
r Total real time: 1806147 ms
r Total memory consumed 1195 MB
r
r
