c SCLEncoder 1.0.
c Real time limit is set to 1800.
c Memory limit is set to 30000.
c Iterative strategy: from LB to UB.
c LB-w = 19 (LB in Sinnl - A note on computational approaches for the antibandwidth problem).
c UB-w = 27 (UB in Sinnl - A note on computational approaches for the antibandwidth problem).
c [w = 19] Start task in PID: 41412.
c [w = 19] Antibandwidth problem with w = 19 (I-ash85.mtx.rnd):
c [w = 19] Initializing CaDiCaL (version 2.2.1).
c [w = 19] Configuring CaDiCaL as --sat (1).
c [w = 19] Initializing a Naive-Reduced encoder with n = 85.
c [w = 19] Encoding starts with w = 19:
c	Encode symmetry breaking with option: h.
c [w = 19] Encoding duration: 0s
c [w = 19] Number of clauses: 1202354
c [w = 19] Number of irredundant clauses: 1184048
c [w = 19] Number of variables: 7225
c [w = 19] SAT Solving starts:
c [w = 19] Solving duration: 2372 ms
c [w = 19] Answer: 
s [w = 19] SAT (w = 19)
c [w = 19] Solution check w = 19.
c [w = 19] Result: 10
c Max width SAT is set to 19
c [w = 20] Start task in PID: 41416.
c [w = 20] Antibandwidth problem with w = 20 (I-ash85.mtx.rnd):
c [w = 20] Initializing CaDiCaL (version 2.2.1).
c [w = 20] Configuring CaDiCaL as --sat (1).
c [w = 20] Initializing a Naive-Reduced encoder with n = 85.
c [w = 20] Encoding starts with w = 20:
c	Encode symmetry breaking with option: h.
c [w = 20] Encoding duration: 0s
c [w = 20] Number of clauses: 1231262
c [w = 20] Number of irredundant clauses: 1212371
c [w = 20] Number of variables: 7225
c [w = 20] SAT Solving starts:
c [w = 20] Solving duration: 2362 ms
c [w = 20] Answer: 
s [w = 20] SAT (w = 20)
c [w = 20] Solution check w = 20.
c [w = 20] Result: 10
c Max width SAT is set to 20
c [w = 21] Start task in PID: 41417.
c [w = 21] Antibandwidth problem with w = 21 (I-ash85.mtx.rnd):
c [w = 21] Initializing CaDiCaL (version 2.2.1).
c [w = 21] Configuring CaDiCaL as --sat (1).
c [w = 21] Initializing a Naive-Reduced encoder with n = 85.
c [w = 21] Encoding starts with w = 21:
c	Encode symmetry breaking with option: h.
c [w = 21] Encoding duration: 0s
c [w = 21] Number of clauses: 1259732
c [w = 21] Number of irredundant clauses: 1240265
c [w = 21] Number of variables: 7225
c [w = 21] SAT Solving starts:
c [w = 21] Solving duration: 35711 ms
c [w = 21] Answer: 
s [w = 21] SAT (w = 21)
c [w = 21] Solution check w = 21.
c [w = 21] Result: 10
c Max width SAT is set to 21
c [w = 22] Start task in PID: 41423.
c [w = 22] Antibandwidth problem with w = 22 (I-ash85.mtx.rnd):
c [w = 22] Initializing CaDiCaL (version 2.2.1).
c [w = 22] Configuring CaDiCaL as --sat (1).
c [w = 22] Initializing a Naive-Reduced encoder with n = 85.
c [w = 22] Encoding starts with w = 22:
c	Encode symmetry breaking with option: h.
c [w = 22] Encoding duration: 0s
c [w = 22] Number of clauses: 1287764
c [w = 22] Number of irredundant clauses: 1267730
c [w = 22] Number of variables: 7225
c [w = 22] SAT Solving starts:
c [w = 22] Solving duration: 376902 ms
c [w = 22] Answer: 
s [w = 22] SAT (w = 22)
c [w = 22] Solution check w = 22.
c [w = 22] Result: 10
c Max width SAT is set to 22
c [w = 23] Start task in PID: 41487.
c [w = 23] Antibandwidth problem with w = 23 (I-ash85.mtx.rnd):
c [w = 23] Initializing CaDiCaL (version 2.2.1).
c [w = 23] Configuring CaDiCaL as --sat (1).
c [w = 23] Initializing a Naive-Reduced encoder with n = 85.
c [w = 23] Encoding starts with w = 23:
c	Encode symmetry breaking with option: h.
c [w = 23] Encoding duration: 0s
c [w = 23] Number of clauses: 1315358
c [w = 23] Number of irredundant clauses: 1294766
c [w = 23] Number of variables: 7225
c [w = 23] SAT Solving starts:
c [Lim] End with result: 65024
c All children have completed their tasks or were terminated.
c Signal interruption.
r
r Final results: 
r Max width SAT:  	22
r Min width UNSAT:	-
r Total real time: 1806024 ms
r Total memory consumed 354.4 MB
r
r
