c SCLEncoder 1.0.
c Real time limit is set to 1800.
c Memory limit is set to 30000.
c Iterative strategy: from LB to UB.
c LB-w = 32 (LB in Sinnl - A note on computational approaches for the antibandwidth problem).
c UB-w = 40 (UB in Sinnl - A note on computational approaches for the antibandwidth problem).
c [w = 32] Start task in PID: 41815.
c [w = 32] Antibandwidth problem with w = 32 (J-nos4.mtx.rnd):
c [w = 32] Initializing CaDiCaL (version 2.2.1).
c [w = 32] Configuring CaDiCaL as --sat (1).
c [w = 32] Initializing a Naive-Reduced encoder with n = 100.
c [w = 32] Encoding starts with w = 32:
c	Encode symmetry breaking with option: h.
c [w = 32] Encoding duration: 0s
c [w = 32] Number of clauses: 2276626
c [w = 32] Number of irredundant clauses: 2252277
c [w = 32] Number of variables: 10000
c [w = 32] SAT Solving starts:
c [w = 32] Solving duration: 44115 ms
c [w = 32] Answer: 
s [w = 32] SAT (w = 32)
c [w = 32] Solution check w = 32.
c [w = 32] Result: 10
c Max width SAT is set to 32
c [w = 33] Start task in PID: 41822.
c [w = 33] Antibandwidth problem with w = 33 (J-nos4.mtx.rnd):
c [w = 33] Initializing CaDiCaL (version 2.2.1).
c [w = 33] Configuring CaDiCaL as --sat (1).
c [w = 33] Initializing a Naive-Reduced encoder with n = 100.
c [w = 33] Encoding starts with w = 33:
c	Encode symmetry breaking with option: h.
c [w = 33] Encoding duration: 0s
c [w = 33] Number of clauses: 2310218
c [w = 33] Number of irredundant clauses: 2285461
c [w = 33] Number of variables: 10000
c [w = 33] SAT Solving starts:
c [Lim] End with result: 65024
c All children have completed their tasks or were terminated.
c Signal interruption.
r
r Final results: 
r Max width SAT:  	32
r Min width UNSAT:	-
r Total real time: 1805842 ms
r Total memory consumed 519.1 MB
r
r
