c SCLEncoder 1.0.
c Real time limit is set to 1800.
c Memory limit is set to 30000.
c Iterative strategy: from LB to UB.
c LB-w = 136 (LB in Sinnl - A note on computational approaches for the antibandwidth problem).
c UB-w = 136 (UB in Sinnl - A note on computational approaches for the antibandwidth problem).
c [w = 136] Start task in PID: 43407.
c [w = 136] Antibandwidth problem with w = 136 (W-685_bus.mtx.rnd):
c [w = 136] Initializing CaDiCaL (version 2.2.1).
c [w = 136] Configuring CaDiCaL as --sat (1).
c [w = 136] Initializing a Naive-Reduced encoder with n = 685.
c [w = 136] Encoding starts with w = 136:
c	Encode symmetry breaking with option: h.
c [Lim] End with result: 65280
c All children have completed their tasks or were terminated.
c Signal interruption.
r
r Final results: 
r Max width SAT:  	-
r Min width UNSAT:	-
r Total real time: 68602 ms
r Total memory consumed 30020.9 MB
r
r
