c SCLEncoder 1.0.
c Real time limit is set to 1800.
c Memory limit is set to 30000.
c Iterative strategy: from LB to UB.
c LB-w = 8 (LB in Sinnl - A note on computational approaches for the antibandwidth problem).
c UB-w = 9 (UB in Sinnl - A note on computational approaches for the antibandwidth problem).
c [w = 8] Start task in PID: 30395.
c [w = 8] Antibandwidth problem with w = 8 (D-bcsstk01.mtx.rnd):
c [w = 8] Initializing CaDiCaL (version 2.2.1).
c [w = 8] Configuring CaDiCaL as --sat (1).
c [w = 8] Initializing a Duplex encoder with n = 48.
c [w = 8] Encoding starts with w = 8:
c [w = 8] Encoding duration: 0s
c [w = 8] Number of clauses: 55096
c [w = 8] Number of irredundant clauses: 50396
c [w = 8] Number of variables: 10176
c [w = 8] SAT Solving starts:
c [w = 8] Solving duration: 61 ms
c [w = 8] Answer: 
s [w = 8] SAT (w = 8)
c [w = 8] Solution check w = 8.
c [w = 8] Result: 10
c Max width SAT is set to 8
c [w = 9] Start task in PID: 30396.
c [w = 9] Antibandwidth problem with w = 9 (D-bcsstk01.mtx.rnd):
c [w = 9] Initializing CaDiCaL (version 2.2.1).
c [w = 9] Configuring CaDiCaL as --sat (1).
c [w = 9] Initializing a Duplex encoder with n = 48.
c [w = 9] Encoding starts with w = 9:
c [w = 9] Encoding duration: 0s
c [w = 9] Number of clauses: 56104
c [w = 9] Number of irredundant clauses: 51390
c [w = 9] Number of variables: 10560
c [w = 9] SAT Solving starts:
c [w = 9] Solving duration: 158 ms
c [w = 9] Answer: 
s [w = 9] SAT (w = 9)
c [w = 9] Solution check w = 9.
c [w = 9] Result: 10
c Max width SAT is set to 9
c All ABP tasks are done. Terminating limit monitor process 30394.
c All children have completed their tasks or were terminated.
c Signal interruption.
r
r Final results: 
r Max width SAT:  	9
r Min width UNSAT:	-
r Total real time: 263 ms
r Total memory consumed 18.4 MB
r
r
