c SCLEncoder 1.0.
c Real time limit is set to 1800.
c Memory limit is set to 30000.
c Iterative strategy: from LB to UB.
c LB-w = 21 (LB in Sinnl - A note on computational approaches for the antibandwidth problem).
c UB-w = 22 (UB in Sinnl - A note on computational approaches for the antibandwidth problem).
c [w = 21] Start task in PID: 30400.
c [w = 21] Antibandwidth problem with w = 21 (E-bcspwr02.mtx.rnd):
c [w = 21] Initializing CaDiCaL (version 2.2.1).
c [w = 21] Configuring CaDiCaL as --sat (1).
c [w = 21] Initializing a Duplex encoder with n = 49.
c [w = 21] Encoding starts with w = 21:
c [w = 21] Encoding duration: 0s
c [w = 21] Number of clauses: 33523
c [w = 21] Number of irredundant clauses: 30338
c [w = 21] Number of variables: 10045
c [w = 21] SAT Solving starts:
c [w = 21] Solving duration: 587 ms
c [w = 21] Answer: 
s [w = 21] SAT (w = 21)
c [w = 21] Solution check w = 21.
c [w = 21] Result: 10
c Max width SAT is set to 21
c [w = 22] Start task in PID: 30406.
c [w = 22] Antibandwidth problem with w = 22 (E-bcspwr02.mtx.rnd):
c [w = 22] Initializing CaDiCaL (version 2.2.1).
c [w = 22] Configuring CaDiCaL as --sat (1).
c [w = 22] Initializing a Duplex encoder with n = 49.
c [w = 22] Encoding starts with w = 22:
c [w = 22] Encoding duration: 0s
c [w = 22] Number of clauses: 33385
c [w = 22] Number of irredundant clauses: 30332
c [w = 22] Number of variables: 10143
c [w = 22] SAT Solving starts:
c [w = 22] Solving duration: 622 ms
c [w = 22] Answer: 
s [w = 22] UNSAT (w = 22)
c [w = 22] Result: 20
c Min width UNSAT is set to 22
c All ABP tasks are done. Terminating limit monitor process 30399.
c All children have completed their tasks or were terminated.
r
r Final results: 
r Max width SAT:  	21
r Min width UNSAT:	22
r Total real time: 1244 ms
r Total memory consumed 19 MB
r
r
c Signal interruption.
