c SCLEncoder 1.0.
c Real time limit is set to 1800.
c Memory limit is set to 30000.
c Iterative strategy: from LB to UB.
c LB-w = 8 (LB in Sinnl - A note on computational approaches for the antibandwidth problem).
c UB-w = 9 (UB in Sinnl - A note on computational approaches for the antibandwidth problem).
c [w = 8] Start task in PID: 19441.
c [w = 8] Antibandwidth problem with w = 8 (D-bcsstk01.mtx.rnd):
c [w = 8] Initializing CaDiCaL (version 2.2.1).
c [w = 8] Configuring CaDiCaL as --sat (1).
c [w = 8] Initializing a 2-Product encoder with n = 48.
c [w = 8] Encoding starts with w = 8:
c	Encode symmetry breaking with option: f.
c [w = 8] Encoding duration: 0s
c [w = 8] Number of clauses: 419960
c [w = 8] Number of irredundant clauses: 417544
c [w = 8] Number of variables: 121792
c [w = 8] SAT Solving starts:
c [w = 8] Solving duration: 958 ms
c [w = 8] Answer: 
s [w = 8] SAT (w = 8)
c [w = 8] Solution check w = 8.
c [w = 8] Result: 10
c Max width SAT is set to 8
c [w = 9] Start task in PID: 19442.
c [w = 9] Antibandwidth problem with w = 9 (D-bcsstk01.mtx.rnd):
c [w = 9] Initializing CaDiCaL (version 2.2.1).
c [w = 9] Configuring CaDiCaL as --sat (1).
c [w = 9] Initializing a 2-Product encoder with n = 48.
c [w = 9] Encoding starts with w = 9:
c	Encode symmetry breaking with option: f.
c [w = 9] Encoding duration: 0s
c [w = 9] Number of clauses: 508664
c [w = 9] Number of irredundant clauses: 506024
c [w = 9] Number of variables: 161216
c [w = 9] SAT Solving starts:
c [w = 9] Solving duration: 12610 ms
c [w = 9] Answer: 
s [w = 9] SAT (w = 9)
c [w = 9] Solution check w = 9.
c [w = 9] Result: 10
c Max width SAT is set to 9
c All ABP tasks are done. Terminating limit monitor process 19440.
c All children have completed their tasks or were terminated.
r
r Final results: 
r Max width SAT:  	9
r Min width UNSAT:	-
r Total real time: 13878 ms
r Total memory consumed 165.6 MB
r
r
c Signal interruption.
