c SCLEncoder 1.0.
c Real time limit is set to 1800.
c Memory limit is set to 30000.
c Iterative strategy: from LB to UB.
c LB-w = 28 (LB in Sinnl - A note on computational approaches for the antibandwidth problem).
c UB-w = 72 (UB in Sinnl - A note on computational approaches for the antibandwidth problem).
c [w = 28] Start task in PID: 44659.
c [w = 28] Antibandwidth problem with w = 28 (M-bcsstk06.mtx.rnd):
c [w = 28] Initializing CaDiCaL (version 2.2.1).
c [w = 28] Configuring CaDiCaL as --sat (1).
c [w = 28] Initializing a Sequential encoder with n = 420.
c [w = 28] Encoding starts with w = 28:
c	Encode symmetry breaking with option: h.
c [Lim] End with result: 65280
c All children have completed their tasks or were terminated.
c Signal interruption.
r
r Final results: 
r Max width SAT:  	-
r Min width UNSAT:	-
r Total real time: 63089 ms
r Total memory consumed 30046.1 MB
r
r
