c SCLEncoder 1.0.
c Real time limit is set to 1800.
c Memory limit is set to 30000.
c Iterative strategy: from LB to UB.
c LB-w = 78 (LB in Sinnl - A note on computational approaches for the antibandwidth problem).
c UB-w = 120 (UB in Sinnl - A note on computational approaches for the antibandwidth problem).
c [w = 78] Start task in PID: 67222.
c [w = 78] Antibandwidth problem with w = 78 (P-can__445.mtx.rnd):
c [w = 79] Start task in PID: 67223.
c [w = 79] Antibandwidth problem with w = 79 (P-can__445.mtx.rnd):
c [w = 78] Initializing CaDiCaL (version 2.2.1).
c [w = 78] Configuring CaDiCaL as --sat (1).
c [w = 79] Initializing CaDiCaL (version 2.2.1).
c [w = 78] Initializing a SCL encoder with n = 445.
c [w = 79] Configuring CaDiCaL as --sat (1).
c [w = 78] Encoding starts with w = 78:
c [w = 79] Initializing a SCL encoder with n = 445.
c [w = 79] Encoding starts with w = 79:
c [w = 80] Start task in PID: 67224.
c [w = 80] Antibandwidth problem with w = 80 (P-can__445.mtx.rnd):
c [w = 81] Start task in PID: 67225.
c [w = 81] Antibandwidth problem with w = 81 (P-can__445.mtx.rnd):
c [w = 80] Initializing CaDiCaL (version 2.2.1).
c [w = 80] Configuring CaDiCaL as --sat (1).
c [w = 80] Initializing a SCL encoder with n = 445.
c [w = 80] Encoding starts with w = 80:
c [w = 81] Initializing CaDiCaL (version 2.2.1).
c [w = 81] Configuring CaDiCaL as --sat (1).
c [w = 81] Initializing a SCL encoder with n = 445.
c [w = 81] Encoding starts with w = 81:
c [w = 81] Encoding duration: 1s
c [w = 81] Number of clauses: 4256102
c [w = 81] Number of irredundant clauses: 4248297
c [w = 81] Number of variables: 570490
c [w = 81] SAT Solving starts:
c [w = 79] Encoding duration: 1s
c [w = 79] Number of clauses: 4259768
c [w = 79] Number of irredundant clauses: 4251827
c [w = 79] Number of variables: 566930
c [w = 79] SAT Solving starts:
c [w = 78] Encoding duration: 1s
c [w = 78] Number of clauses: 4261601
c [w = 78] Number of irredundant clauses: 4253592
c [w = 78] Number of variables: 565150
c [w = 78] SAT Solving starts:
c [w = 80] Encoding duration: 1s
c [w = 80] Number of clauses: 4257935
c [w = 80] Number of irredundant clauses: 4250062
c [w = 80] Number of variables: 568710
c [w = 80] SAT Solving starts:
c [w = 79] Solving duration: 734276 ms
c [w = 79] Answer: 
s [w = 79] SAT (w = 79)
c [w = 79] Solution check w = 79.
c [w = 79] Result: 10
c Max width SAT is set to 79
c Kill lower pid 78.
c Signal interruption.
c [w = 82] Start task in PID: 67673.
c [w = 82] Antibandwidth problem with w = 82 (P-can__445.mtx.rnd):
c [w = 82] Initializing CaDiCaL (version 2.2.1).
c [w = 82] Configuring CaDiCaL as --sat (1).
c [w = 82] Initializing a SCL encoder with n = 445.
c [w = 82] Encoding starts with w = 82:
c Child pid 78 - 67222 terminated by signal 15
c [w = 83] Start task in PID: 67674.
c [w = 83] Antibandwidth problem with w = 83 (P-can__445.mtx.rnd):
c [w = 83] Initializing CaDiCaL (version 2.2.1).
c [w = 83] Configuring CaDiCaL as --sat (1).
c [w = 83] Initializing a SCL encoder with n = 445.
c [w = 83] Encoding starts with w = 83:
c [w = 82] Encoding duration: 1s
c [w = 82] Number of clauses: 4254269
c [w = 82] Number of irredundant clauses: 4246532
c [w = 82] Number of variables: 572270
c [w = 82] SAT Solving starts:
c [w = 83] Encoding duration: 1s
c [w = 83] Number of clauses: 4252436
c [w = 83] Number of irredundant clauses: 4244767
c [w = 83] Number of variables: 574050
c [w = 83] SAT Solving starts:
c Signal interruption.
c [Lim] End with result: 65024
c All children have completed their tasks or were terminated.
c Signal interruption.
c Signal interruption.
c Signal interruption.
r
r Final results: 
r Max width SAT:  	79
r Min width UNSAT:	-
r Total real time: 1809447 ms
r Total memory consumed 4678.9 MB
r
r
