c SCLEncoder 1.0.
c Real time limit is set to 1800.
c Memory limit is set to 30000.
c Iterative strategy: from LB to UB.
c LB-w = 78 (LB in Sinnl - A note on computational approaches for the antibandwidth problem).
c UB-w = 120 (UB in Sinnl - A note on computational approaches for the antibandwidth problem).
c [w = 78] Start task in PID: 22924.
c [w = 78] Antibandwidth problem with w = 78 (P-can__445.mtx.rnd):
c [w = 78] Initializing CaDiCaL (version 2.2.1).
c [w = 78] Configuring CaDiCaL as --sat (1).
c [w = 78] Initializing a Naive-Reduced encoder with n = 445.
c [w = 78] Encoding starts with w = 78:
c	Encode symmetry breaking with option: f.
c [w = 78] Encoding duration: 33s
c [w = 78] Number of clauses: 193089580
c [w = 78] Number of irredundant clauses: 192636088
c [w = 78] Number of variables: 198025
c [w = 78] SAT Solving starts:
c [Lim] End with result: 65280
c All children have completed their tasks or were terminated.
r
r Final results: 
r Max width SAT:  	-
r Min width UNSAT:	-
r Total real time: 173274 ms
r Total memory consumed 30005.6 MB
r
r
c Signal interruption.
