c SCLEncoder 1.0.
c Real time limit is set to 1800.
c Memory limit is set to 30000.
c Iterative strategy: from LB to UB.
c LB-w = 219 (LB in Sinnl - A note on computational approaches for the antibandwidth problem).
c UB-w = 246 (UB in Sinnl - A note on computational approaches for the antibandwidth problem).
c [w = 219] Start task in PID: 22954.
c [w = 219] Antibandwidth problem with w = 219 (Q-494_bus.mtx.rnd):
c [w = 219] Initializing CaDiCaL (version 2.2.1).
c [w = 219] Configuring CaDiCaL as --sat (1).
c [w = 219] Initializing a Naive-Reduced encoder with n = 494.
c [w = 219] Encoding starts with w = 219:
c	Encode symmetry breaking with option: f.
c [w = 219] Encoding duration: 37s
c [w = 219] Number of clauses: 218549195
c [w = 219] Number of irredundant clauses: 218084324
c [w = 219] Number of variables: 244036
c [w = 219] SAT Solving starts:
c [Lim] End with result: 65280
c All children have completed their tasks or were terminated.
r
r Final results: 
r Max width SAT:  	-
r Min width UNSAT:	-
r Total real time: 156312 ms
r Total memory consumed 30285.9 MB
r
r
c Signal interruption.
