c SCLEncoder 1.0.
c Real time limit is set to 1800.
c Memory limit is set to 30000.
c Iterative strategy: from LB to UB.
c LB-w = 78 (LB in Sinnl - A note on computational approaches for the antibandwidth problem).
c UB-w = 120 (UB in Sinnl - A note on computational approaches for the antibandwidth problem).
c [w = 78] Start task in PID: 139541.
c [w = 78] Antibandwidth problem with w = 78 (P-can__445.mtx.rnd):
c [w = 79] Start task in PID: 139542.
c [w = 79] Antibandwidth problem with w = 79 (P-can__445.mtx.rnd):
c [w = 78] Initializing CaDiCaL (version 2.2.1).
c [w = 78] Configuring CaDiCaL as --sat (1).
c [w = 78] Initializing a SCL encoder with n = 445.
c [w = 78] Encoding starts with w = 78:
c [w = 79] Initializing CaDiCaL (version 2.2.1).
c [w = 79] Configuring CaDiCaL as --sat (1).
c [w = 79] Initializing a SCL encoder with n = 445.
c [w = 79] Encoding starts with w = 79:
c [w = 80] Start task in PID: 139543.
c [w = 80] Antibandwidth problem with w = 80 (P-can__445.mtx.rnd):
c [w = 81] Start task in PID: 139544.
c [w = 81] Antibandwidth problem with w = 81 (P-can__445.mtx.rnd):
c [w = 80] Initializing CaDiCaL (version 2.2.1).
c [w = 80] Configuring CaDiCaL as --sat (1).
c [w = 80] Initializing a SCL encoder with n = 445.
c [w = 80] Encoding starts with w = 80:
c [w = 81] Initializing CaDiCaL (version 2.2.1).
c [w = 81] Configuring CaDiCaL as --sat (1).
c [w = 81] Initializing a SCL encoder with n = 445.
c [w = 81] Encoding starts with w = 81:
c [w = 79] Encoding duration: 1s
c [w = 79] Number of clauses: 4259768
c [w = 79] Number of irredundant clauses: 4249733
c [w = 79] Number of variables: 566930
c [w = 79] SAT Solving starts:
c [w = 80] Encoding duration: 1s
c [w = 80] Number of clauses: 4257935
c [w = 80] Number of irredundant clauses: 4247992
c [w = 80] Number of variables: 568710
c [w = 80] SAT Solving starts:
c [w = 81] Encoding duration: 1s
c [w = 81] Number of clauses: 4256102
c [w = 81] Number of irredundant clauses: 4246251
c [w = 81] Number of variables: 570490
c [w = 81] SAT Solving starts:
c [w = 78] Encoding duration: 1s
c [w = 78] Number of clauses: 4261601
c [w = 78] Number of irredundant clauses: 4251474
c [w = 78] Number of variables: 565150
c [w = 78] SAT Solving starts:
c [w = 78] Solving duration: 674090 ms
c [w = 78] Answer: 
s [w = 78] SAT (w = 78)
c [w = 78] Solution check w = 78.
c [w = 78] Result: 10
c Max width SAT is set to 78
c [w = 82] Start task in PID: 139825.
c [w = 82] Antibandwidth problem with w = 82 (P-can__445.mtx.rnd):
c [w = 82] Initializing CaDiCaL (version 2.2.1).
c [w = 82] Configuring CaDiCaL as --sat (1).
c [w = 82] Initializing a SCL encoder with n = 445.
c [w = 82] Encoding starts with w = 82:
c [w = 82] Encoding duration: 1s
c [w = 82] Number of clauses: 4254269
c [w = 82] Number of irredundant clauses: 4244510
c [w = 82] Number of variables: 572270
c [w = 82] SAT Solving starts:
c [w = 79] Solving duration: 1237866 ms
c [w = 79] Answer: 
s [w = 79] SAT (w = 79)
c [w = 79] Solution check w = 79.
c [w = 79] Result: 10
c Max width SAT is set to 79
c [w = 83] Start task in PID: 140029.
c [w = 83] Antibandwidth problem with w = 83 (P-can__445.mtx.rnd):
c [w = 83] Initializing CaDiCaL (version 2.2.1).
c [w = 83] Configuring CaDiCaL as --sat (1).
c [w = 83] Initializing a SCL encoder with n = 445.
c [w = 83] Encoding starts with w = 83:
c [w = 83] Encoding duration: 1s
c [w = 83] Number of clauses: 4252436
c [w = 83] Number of irredundant clauses: 4242769
c [w = 83] Number of variables: 574050
c [w = 83] SAT Solving starts:
c [w = 81] Solving duration: 1382796 ms
c [w = 81] Answer: 
s [w = 81] SAT (w = 81)
c [w = 81] Solution check w = 81.
c [w = 81] Result: 10
c Max width SAT is set to 81
c Kill lower pid 80.
c Signal interruption.
c [w = 84] Start task in PID: 140069.
c [w = 84] Antibandwidth problem with w = 84 (P-can__445.mtx.rnd):
c [w = 84] Initializing CaDiCaL (version 2.2.1).
c [w = 84] Configuring CaDiCaL as --sat (1).
c [w = 84] Initializing a SCL encoder with n = 445.
c [w = 84] Encoding starts with w = 84:
c Child pid 80 - 139543 terminated by signal 15
c [w = 85] Start task in PID: 140070.
c [w = 85] Antibandwidth problem with w = 85 (P-can__445.mtx.rnd):
c [w = 85] Initializing CaDiCaL (version 2.2.1).
c [w = 85] Configuring CaDiCaL as --sat (1).
c [w = 85] Initializing a SCL encoder with n = 445.
c [w = 85] Encoding starts with w = 85:
c [w = 85] Encoding duration: 1s
c [w = 85] Number of clauses: 4248770
c [w = 85] Number of irredundant clauses: 4239287
c [w = 85] Number of variables: 577610
c [w = 85] SAT Solving starts:
c [w = 84] Encoding duration: 1s
c [w = 84] Number of clauses: 4250603
c [w = 84] Number of irredundant clauses: 4241028
c [w = 84] Number of variables: 575830
c [w = 84] SAT Solving starts:
c Signal interruption.
c [Lim] End with result: 65024
c All children have completed their tasks or were terminated.
c Signal interruption.
c Signal interruption.
c Signal interruption.
r
r Final results: 
r Max width SAT:  	81
r Min width UNSAT:	-
r Total real time: 1809404 ms
r Total memory consumed 4753.1 MB
r
r
