c SCLEncoder 1.0.
c Real time limit is set to 1800.
c Memory limit is set to 30000.
c Iterative strategy: from LB to UB.
c LB-w = 46 (LB in Sinnl - A note on computational approaches for the antibandwidth problem).
c UB-w = 58 (UB in Sinnl - A note on computational approaches for the antibandwidth problem).
c [w = 46] Start task in PID: 21616.
c [w = 46] Antibandwidth problem with w = 46 (K-dwt__234.mtx.rnd):
c [w = 46] Initializing CaDiCaL (version 2.2.1).
c [w = 46] Configuring CaDiCaL as --sat (1).
c [w = 46] Initializing a Naive-Reduced encoder with n = 117.
c [w = 46] Encoding starts with w = 46:
c	Encode symmetry breaking with option: f.
c [w = 46] Encoding duration: 0s
c [w = 46] Number of clauses: 2958736
c [w = 46] Number of irredundant clauses: 2913395
c [w = 46] Number of variables: 13689
c [w = 46] SAT Solving starts:
c [Lim] End with result: 65024
c All children have completed their tasks or were terminated.
c Signal interruption.
r
r Final results: 
r Max width SAT:  	-
r Min width UNSAT:	-
r Total real time: 1806286 ms
r Total memory consumed 1046.8 MB
r
r
