c SCLEncoder 1.0.
c Real time limit is set to 1800.
c Memory limit is set to 30000.
c Iterative strategy: from LB to UB.
c LB-w = 326 (LB in Sinnl - A note on computational approaches for the antibandwidth problem).
c UB-w = 337 (UB in Sinnl - A note on computational approaches for the antibandwidth problem).
c [w = 326] Start task in PID: 23039.
c [w = 326] Antibandwidth problem with w = 326 (V-nos6.mtx.rnd):
c [w = 326] Initializing CaDiCaL (version 2.2.1).
c [w = 326] Configuring CaDiCaL as --sat (1).
c [w = 326] Initializing a Naive-Reduced encoder with n = 675.
c [w = 326] Encoding starts with w = 326:
c	Encode symmetry breaking with option: f.
c [Lim] End with result: 65280
c All children have completed their tasks or were terminated.
c Signal interruption.
r
r Final results: 
r Max width SAT:  	-
r Min width UNSAT:	-
r Total real time: 65919 ms
r Total memory consumed 30017 MB
r
r
