c SCLEncoder 1.0.
c Real time limit is set to 1800.
c Memory limit is set to 30000.
c Iterative strategy: from LB to UB.
c LB-w = 6 (LB in Sinnl - A note on computational approaches for the antibandwidth problem).
c UB-w = 8 (UB in Sinnl - A note on computational approaches for the antibandwidth problem).
c [w = 6] Start task in PID: 43441.
c [w = 6] Antibandwidth problem with w = 6 (A-pores_1.mtx.rnd):
c [w = 6] Initializing CaDiCaL (version 2.2.1).
c [w = 6] Configuring CaDiCaL as --sat (1).
c [w = 6] Initializing a Sequential encoder with n = 30.
c [w = 6] Encoding starts with w = 6:
c	Encode symmetry breaking with option: h.
c [w = 6] Encoding duration: 0s
c [w = 6] Number of clauses: 85000
c [w = 6] Number of irredundant clauses: 83676
c [w = 6] Number of variables: 28330
c [w = 6] SAT Solving starts:
c [w = 6] Solving duration: 318 ms
c [w = 6] Answer: 
s [w = 6] SAT (w = 6)
c [w = 6] Solution check w = 6.
c [w = 6] Result: 10
c Max width SAT is set to 6
c [w = 7] Start task in PID: 43442.
c [w = 7] Antibandwidth problem with w = 7 (A-pores_1.mtx.rnd):
c [w = 7] Initializing CaDiCaL (version 2.2.1).
c [w = 7] Configuring CaDiCaL as --sat (1).
c [w = 7] Initializing a Sequential encoder with n = 30.
c [w = 7] Encoding starts with w = 7:
c	Encode symmetry breaking with option: h.
c [w = 7] Encoding duration: 0s
c [w = 7] Number of clauses: 96639
c [w = 7] Number of irredundant clauses: 95146
c [w = 7] Number of variables: 32244
c [w = 7] SAT Solving starts:
c [w = 7] Solving duration: 89605 ms
c [w = 7] Answer: 
s [w = 7] UNSAT (w = 7)
c [w = 7] Result: 20
c Min width UNSAT is set to 7
c All ABP tasks are done. Terminating limit monitor process 43440.
c All children have completed their tasks or were terminated.
c Signal interruption.
r
r Final results: 
r Max width SAT:  	6
r Min width UNSAT:	7
r Total real time: 89981 ms
r Total memory consumed 43.8 MB
r
r
