c SCLEncoder 1.0.
c Real time limit is set to 1800.
c Memory limit is set to 30000.
c Iterative strategy: from LB to UB.
c LB-w = 112 (LB in Sinnl - A note on computational approaches for the antibandwidth problem).
c UB-w = 142 (UB in Sinnl - A note on computational approaches for the antibandwidth problem).
c [w = 112] Start task in PID: 38631.
c [w = 112] Antibandwidth problem with w = 112 (X-can__715.mtx.rnd):
c [w = 112] Initializing CaDiCaL (version 2.2.1).
c [w = 112] Configuring CaDiCaL as --sat (1).
c [w = 112] Initializing a Duplex encoder with n = 715.
c [w = 112] Encoding starts with w = 112:
c [w = 112] Encoding duration: 5s
c [w = 112] Number of clauses: 14094332
c [w = 112] Number of irredundant clauses: 13123451
c [w = 112] Number of variables: 2391675
c [w = 112] SAT Solving starts:
c [w = 112] Solving duration: 1079817 ms
c [w = 112] Answer: 
s [w = 112] SAT (w = 112)
c [w = 112] Solution check w = 112.
c [w = 112] Result: 10
c Max width SAT is set to 112
c [w = 113] Start task in PID: 38893.
c [w = 113] Antibandwidth problem with w = 113 (X-can__715.mtx.rnd):
c [w = 113] Initializing CaDiCaL (version 2.2.1).
c [w = 113] Configuring CaDiCaL as --sat (1).
c [w = 113] Initializing a Duplex encoder with n = 715.
c [w = 113] Encoding starts with w = 113:
c [w = 113] Encoding duration: 5s
c [w = 113] Number of clauses: 14098162
c [w = 113] Number of irredundant clauses: 13129739
c [w = 113] Number of variables: 2398825
c [w = 113] SAT Solving starts:
c [Lim] End with result: 65024
c All children have completed their tasks or were terminated.
c Signal interruption.
r
r Final results: 
r Max width SAT:  	112
r Min width UNSAT:	-
r Total real time: 1805740 ms
r Total memory consumed 3755.3 MB
r
r
